The system is: Linux - 5.7.6-arch1-1 - x86_64
Compiling the C compiler identification source file "CMakeCCompilerId.c" succeeded.
Compiler: /sbin/cc 
Build flags: 
Id flags:  

The output was:
0


Compilation of the C compiler identification source "CMakeCCompilerId.c" produced "a.out"

The C compiler identification is GNU, found in "/home/maciek/mcpp/lib/glfw/CMakeFiles/3.17.3/CompilerIdC/a.out"

Determining if the C compiler works passed with the following output:
Change Dir: /home/maciek/mcpp/lib/glfw/CMakeFiles/CMakeTmp

Run Build Command(s):/sbin/make cmTC_6a10d/fast && /sbin/make  -f CMakeFiles/cmTC_6a10d.dir/build.make CMakeFiles/cmTC_6a10d.dir/build
make[1]: Entering directory '/home/maciek/mcpp/lib/glfw/CMakeFiles/CMakeTmp'
Building C object CMakeFiles/cmTC_6a10d.dir/testCCompiler.c.o
/sbin/cc    -o CMakeFiles/cmTC_6a10d.dir/testCCompiler.c.o   -c /home/maciek/mcpp/lib/glfw/CMakeFiles/CMakeTmp/testCCompiler.c
Linking C executable cmTC_6a10d
/usr/bin/cmake -E cmake_link_script CMakeFiles/cmTC_6a10d.dir/link.txt --verbose=1
/sbin/cc      -rdynamic CMakeFiles/cmTC_6a10d.dir/testCCompiler.c.o  -o cmTC_6a10d 
make[1]: Leaving directory '/home/maciek/mcpp/lib/glfw/CMakeFiles/CMakeTmp'



Detecting C compiler ABI info compiled with the following output:
Change Dir: /home/maciek/mcpp/lib/glfw/CMakeFiles/CMakeTmp

Run Build Command(s):/sbin/make cmTC_66532/fast && /sbin/make  -f CMakeFiles/cmTC_66532.dir/build.make CMakeFiles/cmTC_66532.dir/build
make[1]: Entering directory '/home/maciek/mcpp/lib/glfw/CMakeFiles/CMakeTmp'
Building C object CMakeFiles/cmTC_66532.dir/CMakeCCompilerABI.c.o
/sbin/cc   -v -o CMakeFiles/cmTC_66532.dir/CMakeCCompilerABI.c.o   -c /usr/share/cmake-3.17/Modules/CMakeCCompilerABI.c
Using built-in specs.
COLLECT_GCC=/sbin/cc
Target: x86_64-pc-linux-gnu
Configured with: /build/gcc/src/gcc/configure --prefix=/usr --libdir=/usr/lib --libexecdir=/usr/lib --mandir=/usr/share/man --infodir=/usr/share/info --with-bugurl=https://bugs.archlinux.org/ --enable-languages=c,c++,ada,fortran,go,lto,objc,obj-c++,d --with-isl --with-linker-hash-style=gnu --with-system-zlib --enable-__cxa_atexit --enable-cet=auto --enable-checking=release --enable-clocale=gnu --enable-default-pie --enable-default-ssp --enable-gnu-indirect-function --enable-gnu-unique-object --enable-install-libiberty --enable-linker-build-id --enable-lto --enable-multilib --enable-plugin --enable-shared --enable-threads=posix --disable-libssp --disable-libstdcxx-pch --disable-libunwind-exceptions --disable-werror gdc_include_dir=/usr/include/dlang/gdc
Thread model: posix
Supported LTO compression algorithms: zlib zstd
gcc version 10.1.0 (GCC) 
COLLECT_GCC_OPTIONS='-v' '-o' 'CMakeFiles/cmTC_66532.dir/CMakeCCompilerABI.c.o' '-c' '-mtune=generic' '-march=x86-64'
 /usr/lib/gcc/x86_64-pc-linux-gnu/10.1.0/cc1 -quiet -v /usr/share/cmake-3.17/Modules/CMakeCCompilerABI.c -quiet -dumpbase CMakeCCompilerABI.c -mtune=generic -march=x86-64 -auxbase-strip CMakeFiles/cmTC_66532.dir/CMakeCCompilerABI.c.o -version -o /tmp/ccoBnXm6.s
GNU C17 (GCC) version 10.1.0 (x86_64-pc-linux-gnu)
	compiled by GNU C version 10.1.0, GMP version 6.2.0, MPFR version 4.0.2, MPC version 1.1.0, isl version isl-0.21-GMP

GGC heuristics: --param ggc-min-expand=100 --param ggc-min-heapsize=131072
ignoring nonexistent directory "/usr/lib/gcc/x86_64-pc-linux-gnu/10.1.0/../../../../x86_64-pc-linux-gnu/include"
#include "..." search starts here:
#include <...> search starts here:
 /usr/lib/gcc/x86_64-pc-linux-gnu/10.1.0/include
 /usr/local/include
 /usr/lib/gcc/x86_64-pc-linux-gnu/10.1.0/include-fixed
 /usr/include
End of search list.
GNU C17 (GCC) version 10.1.0 (x86_64-pc-linux-gnu)
	compiled by GNU C version 10.1.0, GMP version 6.2.0, MPFR version 4.0.2, MPC version 1.1.0, isl version isl-0.21-GMP

GGC heuristics: --param ggc-min-expand=100 --param ggc-min-heapsize=131072
Compiler executable checksum: 8cbeeaf463513b43dc3c4cd12e0bccb6
COLLECT_GCC_OPTIONS='-v' '-o' 'CMakeFiles/cmTC_66532.dir/CMakeCCompilerABI.c.o' '-c' '-mtune=generic' '-march=x86-64'
 as -v --64 -o CMakeFiles/cmTC_66532.dir/CMakeCCompilerABI.c.o /tmp/ccoBnXm6.s
GNU assembler version 2.34.0 (x86_64-pc-linux-gnu) using BFD version (GNU Binutils) 2.34.0
COMPILER_PATH=/usr/lib/gcc/x86_64-pc-linux-gnu/10.1.0/:/usr/lib/gcc/x86_64-pc-linux-gnu/10.1.0/:/usr/lib/gcc/x86_64-pc-linux-gnu/:/usr/lib/gcc/x86_64-pc-linux-gnu/10.1.0/:/usr/lib/gcc/x86_64-pc-linux-gnu/
LIBRARY_PATH=/usr/lib/gcc/x86_64-pc-linux-gnu/10.1.0/:/usr/lib/gcc/x86_64-pc-linux-gnu/10.1.0/../../../../lib/:/lib/../lib/:/usr/lib/../lib/:/usr/lib/gcc/x86_64-pc-linux-gnu/10.1.0/../../../:/lib/:/usr/lib/
COLLECT_GCC_OPTIONS='-v' '-o' 'CMakeFiles/cmTC_66532.dir/CMakeCCompilerABI.c.o' '-c' '-mtune=generic' '-march=x86-64'
Linking C executable cmTC_66532
/usr/bin/cmake -E cmake_link_script CMakeFiles/cmTC_66532.dir/link.txt --verbose=1
/sbin/cc     -v -rdynamic CMakeFiles/cmTC_66532.dir/CMakeCCompilerABI.c.o  -o cmTC_66532 
Using built-in specs.
COLLECT_GCC=/sbin/cc
COLLECT_LTO_WRAPPER=/usr/lib/gcc/x86_64-pc-linux-gnu/10.1.0/lto-wrapper
Target: x86_64-pc-linux-gnu
Configured with: /build/gcc/src/gcc/configure --prefix=/usr --libdir=/usr/lib --libexecdir=/usr/lib --mandir=/usr/share/man --infodir=/usr/share/info --with-bugurl=https://bugs.archlinux.org/ --enable-languages=c,c++,ada,fortran,go,lto,objc,obj-c++,d --with-isl --with-linker-hash-style=gnu --with-system-zlib --enable-__cxa_atexit --enable-cet=auto --enable-checking=release --enable-clocale=gnu --enable-default-pie --enable-default-ssp --enable-gnu-indirect-function --enable-gnu-unique-object --enable-install-libiberty --enable-linker-build-id --enable-lto --enable-multilib --enable-plugin --enable-shared --enable-threads=posix --disable-libssp --disable-libstdcxx-pch --disable-libunwind-exceptions --disable-werror gdc_include_dir=/usr/include/dlang/gdc
Thread model: posix
Supported LTO compression algorithms: zlib zstd
gcc version 10.1.0 (GCC) 
COMPILER_PATH=/usr/lib/gcc/x86_64-pc-linux-gnu/10.1.0/:/usr/lib/gcc/x86_64-pc-linux-gnu/10.1.0/:/usr/lib/gcc/x86_64-pc-linux-gnu/:/usr/lib/gcc/x86_64-pc-linux-gnu/10.1.0/:/usr/lib/gcc/x86_64-pc-linux-gnu/
LIBRARY_PATH=/usr/lib/gcc/x86_64-pc-linux-gnu/10.1.0/:/usr/lib/gcc/x86_64-pc-linux-gnu/10.1.0/../../../../lib/:/lib/../lib/:/usr/lib/../lib/:/usr/lib/gcc/x86_64-pc-linux-gnu/10.1.0/../../../:/lib/:/usr/lib/
COLLECT_GCC_OPTIONS='-v' '-rdynamic' '-o' 'cmTC_66532' '-mtune=generic' '-march=x86-64'
 /usr/lib/gcc/x86_64-pc-linux-gnu/10.1.0/collect2 -plugin /usr/lib/gcc/x86_64-pc-linux-gnu/10.1.0/liblto_plugin.so -plugin-opt=/usr/lib/gcc/x86_64-pc-linux-gnu/10.1.0/lto-wrapper -plugin-opt=-fresolution=/tmp/ccQsSfFR.res -plugin-opt=-pass-through=-lgcc -plugin-opt=-pass-through=-lgcc_s -plugin-opt=-pass-through=-lc -plugin-opt=-pass-through=-lgcc -plugin-opt=-pass-through=-lgcc_s --build-id --eh-frame-hdr --hash-style=gnu -m elf_x86_64 -export-dynamic -dynamic-linker /lib64/ld-linux-x86-64.so.2 -pie -o cmTC_66532 /usr/lib/gcc/x86_64-pc-linux-gnu/10.1.0/../../../../lib/Scrt1.o /usr/lib/gcc/x86_64-pc-linux-gnu/10.1.0/../../../../lib/crti.o /usr/lib/gcc/x86_64-pc-linux-gnu/10.1.0/crtbeginS.o -L/usr/lib/gcc/x86_64-pc-linux-gnu/10.1.0 -L/usr/lib/gcc/x86_64-pc-linux-gnu/10.1.0/../../../../lib -L/lib/../lib -L/usr/lib/../lib -L/usr/lib/gcc/x86_64-pc-linux-gnu/10.1.0/../../.. CMakeFiles/cmTC_66532.dir/CMakeCCompilerABI.c.o -lgcc --push-state --as-needed -lgcc_s --pop-state -lc -lgcc --push-state --as-needed -lgcc_s --pop-state /usr/lib/gcc/x86_64-pc-linux-gnu/10.1.0/crtendS.o /usr/lib/gcc/x86_64-pc-linux-gnu/10.1.0/../../../../lib/crtn.o
COLLECT_GCC_OPTIONS='-v' '-rdynamic' '-o' 'cmTC_66532' '-mtune=generic' '-march=x86-64'
make[1]: Leaving directory '/home/maciek/mcpp/lib/glfw/CMakeFiles/CMakeTmp'



Parsed C implicit include dir info from above output: rv=done
  found start of include info
  found start of implicit include info
    add: [/usr/lib/gcc/x86_64-pc-linux-gnu/10.1.0/include]
    add: [/usr/local/include]
    add: [/usr/lib/gcc/x86_64-pc-linux-gnu/10.1.0/include-fixed]
    add: [/usr/include]
  end of search list found
  collapse include dir [/usr/lib/gcc/x86_64-pc-linux-gnu/10.1.0/include] ==> [/usr/lib/gcc/x86_64-pc-linux-gnu/10.1.0/include]
  collapse include dir [/usr/local/include] ==> [/usr/local/include]
  collapse include dir [/usr/lib/gcc/x86_64-pc-linux-gnu/10.1.0/include-fixed] ==> [/usr/lib/gcc/x86_64-pc-linux-gnu/10.1.0/include-fixed]
  collapse include dir [/usr/include] ==> [/usr/include]
  implicit include dirs: [/usr/lib/gcc/x86_64-pc-linux-gnu/10.1.0/include;/usr/local/include;/usr/lib/gcc/x86_64-pc-linux-gnu/10.1.0/include-fixed;/usr/include]


Parsed C implicit link information from above output:
  link line regex: [^( *|.*[/\])(ld|CMAKE_LINK_STARTFILE-NOTFOUND|([^/\]+-)?ld|collect2)[^/\]*( |$)]
  ignore line: [Change Dir: /home/maciek/mcpp/lib/glfw/CMakeFiles/CMakeTmp]
  ignore line: []
  ignore line: [Run Build Command(s):/sbin/make cmTC_66532/fast && /sbin/make  -f CMakeFiles/cmTC_66532.dir/build.make CMakeFiles/cmTC_66532.dir/build]
  ignore line: [make[1]: Entering directory '/home/maciek/mcpp/lib/glfw/CMakeFiles/CMakeTmp']
  ignore line: [Building C object CMakeFiles/cmTC_66532.dir/CMakeCCompilerABI.c.o]
  ignore line: [/sbin/cc   -v -o CMakeFiles/cmTC_66532.dir/CMakeCCompilerABI.c.o   -c /usr/share/cmake-3.17/Modules/CMakeCCompilerABI.c]
  ignore line: [Using built-in specs.]
  ignore line: [COLLECT_GCC=/sbin/cc]
  ignore line: [Target: x86_64-pc-linux-gnu]
  ignore line: [Configured with: /build/gcc/src/gcc/configure --prefix=/usr --libdir=/usr/lib --libexecdir=/usr/lib --mandir=/usr/share/man --infodir=/usr/share/info --with-bugurl=https://bugs.archlinux.org/ --enable-languages=c c++ ada fortran go lto objc obj-c++ d --with-isl --with-linker-hash-style=gnu --with-system-zlib --enable-__cxa_atexit --enable-cet=auto --enable-checking=release --enable-clocale=gnu --enable-default-pie --enable-default-ssp --enable-gnu-indirect-function --enable-gnu-unique-object --enable-install-libiberty --enable-linker-build-id --enable-lto --enable-multilib --enable-plugin --enable-shared --enable-threads=posix --disable-libssp --disable-libstdcxx-pch --disable-libunwind-exceptions --disable-werror gdc_include_dir=/usr/include/dlang/gdc]
  ignore line: [Thread model: posix]
  ignore line: [Supported LTO compression algorithms: zlib zstd]
  ignore line: [gcc version 10.1.0 (GCC) ]
  ignore line: [COLLECT_GCC_OPTIONS='-v' '-o' 'CMakeFiles/cmTC_66532.dir/CMakeCCompilerABI.c.o' '-c' '-mtune=generic' '-march=x86-64']
  ignore line: [ /usr/lib/gcc/x86_64-pc-linux-gnu/10.1.0/cc1 -quiet -v /usr/share/cmake-3.17/Modules/CMakeCCompilerABI.c -quiet -dumpbase CMakeCCompilerABI.c -mtune=generic -march=x86-64 -auxbase-strip CMakeFiles/cmTC_66532.dir/CMakeCCompilerABI.c.o -version -o /tmp/ccoBnXm6.s]
  ignore line: [GNU C17 (GCC) version 10.1.0 (x86_64-pc-linux-gnu)]
  ignore line: [	compiled by GNU C version 10.1.0  GMP version 6.2.0  MPFR version 4.0.2  MPC version 1.1.0  isl version isl-0.21-GMP]
  ignore line: []
  ignore line: [GGC heuristics: --param ggc-min-expand=100 --param ggc-min-heapsize=131072]
  ignore line: [ignoring nonexistent directory "/usr/lib/gcc/x86_64-pc-linux-gnu/10.1.0/../../../../x86_64-pc-linux-gnu/include"]
  ignore line: [#include "..." search starts here:]
  ignore line: [#include <...> search starts here:]
  ignore line: [ /usr/lib/gcc/x86_64-pc-linux-gnu/10.1.0/include]
  ignore line: [ /usr/local/include]
  ignore line: [ /usr/lib/gcc/x86_64-pc-linux-gnu/10.1.0/include-fixed]
  ignore line: [ /usr/include]
  ignore line: [End of search list.]
  ignore line: [GNU C17 (GCC) version 10.1.0 (x86_64-pc-linux-gnu)]
  ignore line: [	compiled by GNU C version 10.1.0  GMP version 6.2.0  MPFR version 4.0.2  MPC version 1.1.0  isl version isl-0.21-GMP]
  ignore line: []
  ignore line: [GGC heuristics: --param ggc-min-expand=100 --param ggc-min-heapsize=131072]
  ignore line: [Compiler executable checksum: 8cbeeaf463513b43dc3c4cd12e0bccb6]
  ignore line: [COLLECT_GCC_OPTIONS='-v' '-o' 'CMakeFiles/cmTC_66532.dir/CMakeCCompilerABI.c.o' '-c' '-mtune=generic' '-march=x86-64']
  ignore line: [ as -v --64 -o CMakeFiles/cmTC_66532.dir/CMakeCCompilerABI.c.o /tmp/ccoBnXm6.s]
  ignore line: [GNU assembler version 2.34.0 (x86_64-pc-linux-gnu) using BFD version (GNU Binutils) 2.34.0]
  ignore line: [COMPILER_PATH=/usr/lib/gcc/x86_64-pc-linux-gnu/10.1.0/:/usr/lib/gcc/x86_64-pc-linux-gnu/10.1.0/:/usr/lib/gcc/x86_64-pc-linux-gnu/:/usr/lib/gcc/x86_64-pc-linux-gnu/10.1.0/:/usr/lib/gcc/x86_64-pc-linux-gnu/]
  ignore line: [LIBRARY_PATH=/usr/lib/gcc/x86_64-pc-linux-gnu/10.1.0/:/usr/lib/gcc/x86_64-pc-linux-gnu/10.1.0/../../../../lib/:/lib/../lib/:/usr/lib/../lib/:/usr/lib/gcc/x86_64-pc-linux-gnu/10.1.0/../../../:/lib/:/usr/lib/]
  ignore line: [COLLECT_GCC_OPTIONS='-v' '-o' 'CMakeFiles/cmTC_66532.dir/CMakeCCompilerABI.c.o' '-c' '-mtune=generic' '-march=x86-64']
  ignore line: [Linking C executable cmTC_66532]
  ignore line: [/usr/bin/cmake -E cmake_link_script CMakeFiles/cmTC_66532.dir/link.txt --verbose=1]
  ignore line: [/sbin/cc     -v -rdynamic CMakeFiles/cmTC_66532.dir/CMakeCCompilerABI.c.o  -o cmTC_66532 ]
  ignore line: [Using built-in specs.]
  ignore line: [COLLECT_GCC=/sbin/cc]
  ignore line: [COLLECT_LTO_WRAPPER=/usr/lib/gcc/x86_64-pc-linux-gnu/10.1.0/lto-wrapper]
  ignore line: [Target: x86_64-pc-linux-gnu]
  ignore line: [Configured with: /build/gcc/src/gcc/configure --prefix=/usr --libdir=/usr/lib --libexecdir=/usr/lib --mandir=/usr/share/man --infodir=/usr/share/info --with-bugurl=https://bugs.archlinux.org/ --enable-languages=c c++ ada fortran go lto objc obj-c++ d --with-isl --with-linker-hash-style=gnu --with-system-zlib --enable-__cxa_atexit --enable-cet=auto --enable-checking=release --enable-clocale=gnu --enable-default-pie --enable-default-ssp --enable-gnu-indirect-function --enable-gnu-unique-object --enable-install-libiberty --enable-linker-build-id --enable-lto --enable-multilib --enable-plugin --enable-shared --enable-threads=posix --disable-libssp --disable-libstdcxx-pch --disable-libunwind-exceptions --disable-werror gdc_include_dir=/usr/include/dlang/gdc]
  ignore line: [Thread model: posix]
  ignore line: [Supported LTO compression algorithms: zlib zstd]
  ignore line: [gcc version 10.1.0 (GCC) ]
  ignore line: [COMPILER_PATH=/usr/lib/gcc/x86_64-pc-linux-gnu/10.1.0/:/usr/lib/gcc/x86_64-pc-linux-gnu/10.1.0/:/usr/lib/gcc/x86_64-pc-linux-gnu/:/usr/lib/gcc/x86_64-pc-linux-gnu/10.1.0/:/usr/lib/gcc/x86_64-pc-linux-gnu/]
  ignore line: [LIBRARY_PATH=/usr/lib/gcc/x86_64-pc-linux-gnu/10.1.0/:/usr/lib/gcc/x86_64-pc-linux-gnu/10.1.0/../../../../lib/:/lib/../lib/:/usr/lib/../lib/:/usr/lib/gcc/x86_64-pc-linux-gnu/10.1.0/../../../:/lib/:/usr/lib/]
  ignore line: [COLLECT_GCC_OPTIONS='-v' '-rdynamic' '-o' 'cmTC_66532' '-mtune=generic' '-march=x86-64']
  link line: [ /usr/lib/gcc/x86_64-pc-linux-gnu/10.1.0/collect2 -plugin /usr/lib/gcc/x86_64-pc-linux-gnu/10.1.0/liblto_plugin.so -plugin-opt=/usr/lib/gcc/x86_64-pc-linux-gnu/10.1.0/lto-wrapper -plugin-opt=-fresolution=/tmp/ccQsSfFR.res -plugin-opt=-pass-through=-lgcc -plugin-opt=-pass-through=-lgcc_s -plugin-opt=-pass-through=-lc -plugin-opt=-pass-through=-lgcc -plugin-opt=-pass-through=-lgcc_s --build-id --eh-frame-hdr --hash-style=gnu -m elf_x86_64 -export-dynamic -dynamic-linker /lib64/ld-linux-x86-64.so.2 -pie -o cmTC_66532 /usr/lib/gcc/x86_64-pc-linux-gnu/10.1.0/../../../../lib/Scrt1.o /usr/lib/gcc/x86_64-pc-linux-gnu/10.1.0/../../../../lib/crti.o /usr/lib/gcc/x86_64-pc-linux-gnu/10.1.0/crtbeginS.o -L/usr/lib/gcc/x86_64-pc-linux-gnu/10.1.0 -L/usr/lib/gcc/x86_64-pc-linux-gnu/10.1.0/../../../../lib -L/lib/../lib -L/usr/lib/../lib -L/usr/lib/gcc/x86_64-pc-linux-gnu/10.1.0/../../.. CMakeFiles/cmTC_66532.dir/CMakeCCompilerABI.c.o -lgcc --push-state --as-needed -lgcc_s --pop-state -lc -lgcc --push-state --as-needed -lgcc_s --pop-state /usr/lib/gcc/x86_64-pc-linux-gnu/10.1.0/crtendS.o /usr/lib/gcc/x86_64-pc-linux-gnu/10.1.0/../../../../lib/crtn.o]
    arg [/usr/lib/gcc/x86_64-pc-linux-gnu/10.1.0/collect2] ==> ignore
    arg [-plugin] ==> ignore
    arg [/usr/lib/gcc/x86_64-pc-linux-gnu/10.1.0/liblto_plugin.so] ==> ignore
    arg [-plugin-opt=/usr/lib/gcc/x86_64-pc-linux-gnu/10.1.0/lto-wrapper] ==> ignore
    arg [-plugin-opt=-fresolution=/tmp/ccQsSfFR.res] ==> ignore
    arg [-plugin-opt=-pass-through=-lgcc] ==> ignore
    arg [-plugin-opt=-pass-through=-lgcc_s] ==> ignore
    arg [-plugin-opt=-pass-through=-lc] ==> ignore
    arg [-plugin-opt=-pass-through=-lgcc] ==> ignore
    arg [-plugin-opt=-pass-through=-lgcc_s] ==> ignore
    arg [--build-id] ==> ignore
    arg [--eh-frame-hdr] ==> ignore
    arg [--hash-style=gnu] ==> ignore
    arg [-m] ==> ignore
    arg [elf_x86_64] ==> ignore
    arg [-export-dynamic] ==> ignore
    arg [-dynamic-linker] ==> ignore
    arg [/lib64/ld-linux-x86-64.so.2] ==> ignore
    arg [-pie] ==> ignore
    arg [-o] ==> ignore
    arg [cmTC_66532] ==> ignore
    arg [/usr/lib/gcc/x86_64-pc-linux-gnu/10.1.0/../../../../lib/Scrt1.o] ==> ignore
    arg [/usr/lib/gcc/x86_64-pc-linux-gnu/10.1.0/../../../../lib/crti.o] ==> ignore
    arg [/usr/lib/gcc/x86_64-pc-linux-gnu/10.1.0/crtbeginS.o] ==> ignore
    arg [-L/usr/lib/gcc/x86_64-pc-linux-gnu/10.1.0] ==> dir [/usr/lib/gcc/x86_64-pc-linux-gnu/10.1.0]
    arg [-L/usr/lib/gcc/x86_64-pc-linux-gnu/10.1.0/../../../../lib] ==> dir [/usr/lib/gcc/x86_64-pc-linux-gnu/10.1.0/../../../../lib]
    arg [-L/lib/../lib] ==> dir [/lib/../lib]
    arg [-L/usr/lib/../lib] ==> dir [/usr/lib/../lib]
    arg [-L/usr/lib/gcc/x86_64-pc-linux-gnu/10.1.0/../../..] ==> dir [/usr/lib/gcc/x86_64-pc-linux-gnu/10.1.0/../../..]
    arg [CMakeFiles/cmTC_66532.dir/CMakeCCompilerABI.c.o] ==> ignore
    arg [-lgcc] ==> lib [gcc]
    arg [--push-state] ==> ignore
    arg [--as-needed] ==> ignore
    arg [-lgcc_s] ==> lib [gcc_s]
    arg [--pop-state] ==> ignore
    arg [-lc] ==> lib [c]
    arg [-lgcc] ==> lib [gcc]
    arg [--push-state] ==> ignore
    arg [--as-needed] ==> ignore
    arg [-lgcc_s] ==> lib [gcc_s]
    arg [--pop-state] ==> ignore
    arg [/usr/lib/gcc/x86_64-pc-linux-gnu/10.1.0/crtendS.o] ==> ignore
    arg [/usr/lib/gcc/x86_64-pc-linux-gnu/10.1.0/../../../../lib/crtn.o] ==> ignore
  collapse library dir [/usr/lib/gcc/x86_64-pc-linux-gnu/10.1.0] ==> [/usr/lib/gcc/x86_64-pc-linux-gnu/10.1.0]
  collapse library dir [/usr/lib/gcc/x86_64-pc-linux-gnu/10.1.0/../../../../lib] ==> [/usr/lib]
  collapse library dir [/lib/../lib] ==> [/lib]
  collapse library dir [/usr/lib/../lib] ==> [/usr/lib]
  collapse library dir [/usr/lib/gcc/x86_64-pc-linux-gnu/10.1.0/../../..] ==> [/usr/lib]
  implicit libs: [gcc;gcc_s;c;gcc;gcc_s]
  implicit dirs: [/usr/lib/gcc/x86_64-pc-linux-gnu/10.1.0;/usr/lib;/lib]
  implicit fwks: []


Determining if the include file pthread.h exists passed with the following output:
Change Dir: /home/maciek/mcpp/lib/glfw/CMakeFiles/CMakeTmp

Run Build Command(s):/sbin/make cmTC_99dd0/fast && /sbin/make  -f CMakeFiles/cmTC_99dd0.dir/build.make CMakeFiles/cmTC_99dd0.dir/build
make[1]: Entering directory '/home/maciek/mcpp/lib/glfw/CMakeFiles/CMakeTmp'
Building C object CMakeFiles/cmTC_99dd0.dir/CheckIncludeFile.c.o
/sbin/cc    -o CMakeFiles/cmTC_99dd0.dir/CheckIncludeFile.c.o   -c /home/maciek/mcpp/lib/glfw/CMakeFiles/CMakeTmp/CheckIncludeFile.c
Linking C executable cmTC_99dd0
/usr/bin/cmake -E cmake_link_script CMakeFiles/cmTC_99dd0.dir/link.txt --verbose=1
/sbin/cc      -rdynamic CMakeFiles/cmTC_99dd0.dir/CheckIncludeFile.c.o  -o cmTC_99dd0 
make[1]: Leaving directory '/home/maciek/mcpp/lib/glfw/CMakeFiles/CMakeTmp'



Determining if the function pthread_create exists in the pthread passed with the following output:
Change Dir: /home/maciek/mcpp/lib/glfw/CMakeFiles/CMakeTmp

Run Build Command(s):/sbin/make cmTC_68909/fast && /sbin/make  -f CMakeFiles/cmTC_68909.dir/build.make CMakeFiles/cmTC_68909.dir/build
make[1]: Entering directory '/home/maciek/mcpp/lib/glfw/CMakeFiles/CMakeTmp'
Building C object CMakeFiles/cmTC_68909.dir/CheckFunctionExists.c.o
/sbin/cc   -DCHECK_FUNCTION_EXISTS=pthread_create   -o CMakeFiles/cmTC_68909.dir/CheckFunctionExists.c.o   -c /usr/share/cmake-3.17/Modules/CheckFunctionExists.c
Linking C executable cmTC_68909
/usr/bin/cmake -E cmake_link_script CMakeFiles/cmTC_68909.dir/link.txt --verbose=1
/sbin/cc  -DCHECK_FUNCTION_EXISTS=pthread_create    -rdynamic CMakeFiles/cmTC_68909.dir/CheckFunctionExists.c.o  -o cmTC_68909  -lpthread 
make[1]: Leaving directory '/home/maciek/mcpp/lib/glfw/CMakeFiles/CMakeTmp'



Determining if the function XOpenDisplay exists in the /usr/lib/libX11.so;/usr/lib/libXext.so passed with the following output:
Change Dir: /home/maciek/mcpp/lib/glfw/CMakeFiles/CMakeTmp

Run Build Command(s):/sbin/make cmTC_c8d24/fast && /sbin/make  -f CMakeFiles/cmTC_c8d24.dir/build.make CMakeFiles/cmTC_c8d24.dir/build
make[1]: Entering directory '/home/maciek/mcpp/lib/glfw/CMakeFiles/CMakeTmp'
Building C object CMakeFiles/cmTC_c8d24.dir/CheckFunctionExists.c.o
/sbin/cc   -DCHECK_FUNCTION_EXISTS=XOpenDisplay   -o CMakeFiles/cmTC_c8d24.dir/CheckFunctionExists.c.o   -c /usr/share/cmake-3.17/Modules/CheckFunctionExists.c
Linking C executable cmTC_c8d24
/usr/bin/cmake -E cmake_link_script CMakeFiles/cmTC_c8d24.dir/link.txt --verbose=1
/sbin/cc  -DCHECK_FUNCTION_EXISTS=XOpenDisplay    -rdynamic CMakeFiles/cmTC_c8d24.dir/CheckFunctionExists.c.o  -o cmTC_c8d24  /usr/lib/libX11.so /usr/lib/libXext.so 
make[1]: Leaving directory '/home/maciek/mcpp/lib/glfw/CMakeFiles/CMakeTmp'



Determining if the function gethostbyname exists passed with the following output:
Change Dir: /home/maciek/mcpp/lib/glfw/CMakeFiles/CMakeTmp

Run Build Command(s):/sbin/make cmTC_e7155/fast && /sbin/make  -f CMakeFiles/cmTC_e7155.dir/build.make CMakeFiles/cmTC_e7155.dir/build
make[1]: Entering directory '/home/maciek/mcpp/lib/glfw/CMakeFiles/CMakeTmp'
Building C object CMakeFiles/cmTC_e7155.dir/CheckFunctionExists.c.o
/sbin/cc   -DCHECK_FUNCTION_EXISTS=gethostbyname   -o CMakeFiles/cmTC_e7155.dir/CheckFunctionExists.c.o   -c /usr/share/cmake-3.17/Modules/CheckFunctionExists.c
Linking C executable cmTC_e7155
/usr/bin/cmake -E cmake_link_script CMakeFiles/cmTC_e7155.dir/link.txt --verbose=1
/sbin/cc  -DCHECK_FUNCTION_EXISTS=gethostbyname    -rdynamic CMakeFiles/cmTC_e7155.dir/CheckFunctionExists.c.o  -o cmTC_e7155 
make[1]: Leaving directory '/home/maciek/mcpp/lib/glfw/CMakeFiles/CMakeTmp'



Determining if the function connect exists passed with the following output:
Change Dir: /home/maciek/mcpp/lib/glfw/CMakeFiles/CMakeTmp

Run Build Command(s):/sbin/make cmTC_0a887/fast && /sbin/make  -f CMakeFiles/cmTC_0a887.dir/build.make CMakeFiles/cmTC_0a887.dir/build
make[1]: Entering directory '/home/maciek/mcpp/lib/glfw/CMakeFiles/CMakeTmp'
Building C object CMakeFiles/cmTC_0a887.dir/CheckFunctionExists.c.o
/sbin/cc   -DCHECK_FUNCTION_EXISTS=connect   -o CMakeFiles/cmTC_0a887.dir/CheckFunctionExists.c.o   -c /usr/share/cmake-3.17/Modules/CheckFunctionExists.c
Linking C executable cmTC_0a887
/usr/bin/cmake -E cmake_link_script CMakeFiles/cmTC_0a887.dir/link.txt --verbose=1
/sbin/cc  -DCHECK_FUNCTION_EXISTS=connect    -rdynamic CMakeFiles/cmTC_0a887.dir/CheckFunctionExists.c.o  -o cmTC_0a887 
make[1]: Leaving directory '/home/maciek/mcpp/lib/glfw/CMakeFiles/CMakeTmp'



Determining if the function remove exists passed with the following output:
Change Dir: /home/maciek/mcpp/lib/glfw/CMakeFiles/CMakeTmp

Run Build Command(s):/sbin/make cmTC_21ecc/fast && /sbin/make  -f CMakeFiles/cmTC_21ecc.dir/build.make CMakeFiles/cmTC_21ecc.dir/build
make[1]: Entering directory '/home/maciek/mcpp/lib/glfw/CMakeFiles/CMakeTmp'
Building C object CMakeFiles/cmTC_21ecc.dir/CheckFunctionExists.c.o
/sbin/cc   -DCHECK_FUNCTION_EXISTS=remove   -o CMakeFiles/cmTC_21ecc.dir/CheckFunctionExists.c.o   -c /usr/share/cmake-3.17/Modules/CheckFunctionExists.c
Linking C executable cmTC_21ecc
/usr/bin/cmake -E cmake_link_script CMakeFiles/cmTC_21ecc.dir/link.txt --verbose=1
/sbin/cc  -DCHECK_FUNCTION_EXISTS=remove    -rdynamic CMakeFiles/cmTC_21ecc.dir/CheckFunctionExists.c.o  -o cmTC_21ecc 
make[1]: Leaving directory '/home/maciek/mcpp/lib/glfw/CMakeFiles/CMakeTmp'



Determining if the function shmat exists passed with the following output:
Change Dir: /home/maciek/mcpp/lib/glfw/CMakeFiles/CMakeTmp

Run Build Command(s):/sbin/make cmTC_a3934/fast && /sbin/make  -f CMakeFiles/cmTC_a3934.dir/build.make CMakeFiles/cmTC_a3934.dir/build
make[1]: Entering directory '/home/maciek/mcpp/lib/glfw/CMakeFiles/CMakeTmp'
Building C object CMakeFiles/cmTC_a3934.dir/CheckFunctionExists.c.o
/sbin/cc   -DCHECK_FUNCTION_EXISTS=shmat   -o CMakeFiles/cmTC_a3934.dir/CheckFunctionExists.c.o   -c /usr/share/cmake-3.17/Modules/CheckFunctionExists.c
Linking C executable cmTC_a3934
/usr/bin/cmake -E cmake_link_script CMakeFiles/cmTC_a3934.dir/link.txt --verbose=1
/sbin/cc  -DCHECK_FUNCTION_EXISTS=shmat    -rdynamic CMakeFiles/cmTC_a3934.dir/CheckFunctionExists.c.o  -o cmTC_a3934 
make[1]: Leaving directory '/home/maciek/mcpp/lib/glfw/CMakeFiles/CMakeTmp'



Determining if the function IceConnectionNumber exists in the ICE passed with the following output:
Change Dir: /home/maciek/mcpp/lib/glfw/CMakeFiles/CMakeTmp

Run Build Command(s):/sbin/make cmTC_616c0/fast && /sbin/make  -f CMakeFiles/cmTC_616c0.dir/build.make CMakeFiles/cmTC_616c0.dir/build
make[1]: Entering directory '/home/maciek/mcpp/lib/glfw/CMakeFiles/CMakeTmp'
Building C object CMakeFiles/cmTC_616c0.dir/CheckFunctionExists.c.o
/sbin/cc   -DCHECK_FUNCTION_EXISTS=IceConnectionNumber   -o CMakeFiles/cmTC_616c0.dir/CheckFunctionExists.c.o   -c /usr/share/cmake-3.17/Modules/CheckFunctionExists.c
Linking C executable cmTC_616c0
/usr/bin/cmake -E cmake_link_script CMakeFiles/cmTC_616c0.dir/link.txt --verbose=1
/sbin/cc  -DCHECK_FUNCTION_EXISTS=IceConnectionNumber    -rdynamic CMakeFiles/cmTC_616c0.dir/CheckFunctionExists.c.o  -o cmTC_616c0  -lICE 
make[1]: Leaving directory '/home/maciek/mcpp/lib/glfw/CMakeFiles/CMakeTmp'



